<?xml version="1.0" encoding="UTF-8"?>
<!-- Generated by org.testng.reporters.JUnitXMLReporter -->
<testsuite ignored="0" hostname="DESKTOP-2RDS1F0" failures="0" tests="5" name="Default test" time="290.145" errors="0" timestamp="2022-03-28T22:38:06 IST">
  <testcase classname="com.test.app.org.Execution_main" name="TestMethod" time="0.022"/>
  <testcase classname="com.test.app.org.Execution_main" name="TestMethod" time="0.004"/>
  <testcase classname="com.test.app.org.Execution_main" name="TestMethod" time="0.002"/>
  <testcase classname="com.test.app.org.Execution_main" name="TestMethod" time="0.002"/>
  <testcase classname="com.test.app.org.Execution_main" name="TestMethod" time="289.809"/>
</testsuite> <!-- Default test -->
