<?xml version="1.0" encoding="UTF-8"?>
<!-- Generated by org.testng.reporters.JUnitXMLReporter -->
<testsuite hostname="DESKTOP-2RDS1F0" ignored="0" name="Test" tests="5" failures="0" timestamp="2022-03-29T01:02:06 IST" time="32.754" errors="0">
  <testcase name="TestMethod" time="31.515" classname="com.test.app.org.Execution_main"/>
  <testcase name="TestMethod" time="0.001" classname="com.test.app.org.Execution_main"/>
  <testcase name="TestMethod" time="0.0" classname="com.test.app.org.Execution_main"/>
  <testcase name="TestMethod" time="0.0" classname="com.test.app.org.Execution_main"/>
  <testcase name="TestMethod" time="0.0" classname="com.test.app.org.Execution_main"/>
</testsuite> <!-- Test -->
