<?xml version="1.0" encoding="UTF-8"?>
<testng-results skipped="0" failed="0" ignored="0" total="5" passed="5">
  <reporter-output>
  </reporter-output>
  <suite name="Suite" duration-ms="32754" started-at="2022-03-29T01:01:33 IST" finished-at="2022-03-29T01:02:06 IST">
    <groups>
    </groups>
    <test name="Test" duration-ms="32754" started-at="2022-03-29T01:01:33 IST" finished-at="2022-03-29T01:02:06 IST">
      <class name="com.test.app.org.Execution_main">
        <test-method status="PASS" signature="beforeSuite()[pri:0, instance:com.test.app.org.Execution_main@b21112]" name="beforeSuite" is-config="true" duration-ms="1821" started-at="2022-03-29T01:01:31 IST" finished-at="2022-03-29T01:01:33 IST">
          <reporter-output>
          </reporter-output>
        </test-method> <!-- beforeSuite -->
        <test-method status="PASS" signature="TestMethod(java.lang.String,java.lang.String,java.lang.String,java.lang.String,java.lang.String,java.lang.String,java.lang.String,java.lang.String,java.lang.String,java.lang.String)[pri:0, instance:com.test.app.org.Execution_main@b21112]" name="TestMethod" duration-ms="31515" started-at="2022-03-29T01:01:34 IST" data-provider="getTestData" finished-at="2022-03-29T01:02:06 IST">
          <params>
            <param index="0">
              <value>
                <![CDATA[TC_1]]>
              </value>
            </param>
            <param index="1">
              <value>
                <![CDATA[LOGIN_APPL]]>
              </value>
            </param>
            <param index="2">
              <value>
                <![CDATA[login to application and verify]]>
              </value>
            </param>
            <param index="3">
              <value>
                <![CDATA[Y]]>
              </value>
            </param>
            <param index="4">
              <value>
                <![CDATA[gupta28aakanksha@gmail.com]]>
              </value>
            </param>
            <param index="5">
              <value>
                <![CDATA[codetheoryio]]>
              </value>
            </param>
            <param index="6">
              <value>
                <![CDATA[http://damp-sands-8561.herokuapp.com/users/sign_in]]>
              </value>
            </param>
            <param index="7">
              <value>
                <![CDATA[NA]]>
              </value>
            </param>
            <param index="8">
              <value>
                <![CDATA[NA]]>
              </value>
            </param>
            <param index="9">
              <value>
                <![CDATA[1]]>
              </value>
            </param>
          </params>
          <reporter-output>
          </reporter-output>
        </test-method> <!-- TestMethod -->
        <test-method status="PASS" signature="TestMethod(java.lang.String,java.lang.String,java.lang.String,java.lang.String,java.lang.String,java.lang.String,java.lang.String,java.lang.String,java.lang.String,java.lang.String)[pri:0, instance:com.test.app.org.Execution_main@b21112]" name="TestMethod" duration-ms="1" started-at="2022-03-29T01:02:06 IST" data-provider="getTestData" finished-at="2022-03-29T01:02:06 IST">
          <params>
            <param index="0">
              <value>
                <![CDATA[TC_2]]>
              </value>
            </param>
            <param index="1">
              <value>
                <![CDATA[ADD_LEVEL_DIFF_DATETIME]]>
              </value>
            </param>
            <param index="2">
              <value>
                <![CDATA[add sugar level on date other than current date]]>
              </value>
            </param>
            <param index="3">
              <value>
                <![CDATA[N]]>
              </value>
            </param>
            <param index="4">
              <value>
                <![CDATA[gupta28aakanksha@gmail.com]]>
              </value>
            </param>
            <param index="5">
              <value>
                <![CDATA[codetheoryio]]>
              </value>
            </param>
            <param index="6">
              <value>
                <![CDATA[http://damp-sands-8561.herokuapp.com/users/sign_in]]>
              </value>
            </param>
            <param index="7">
              <value>
                <![CDATA[Datasheet_v1]]>
              </value>
            </param>
            <param index="8">
              <value>
                <![CDATA[Add_Level]]>
              </value>
            </param>
            <param index="9">
              <value>
                <![CDATA[1]]>
              </value>
            </param>
          </params>
          <reporter-output>
          </reporter-output>
        </test-method> <!-- TestMethod -->
        <test-method status="PASS" signature="TestMethod(java.lang.String,java.lang.String,java.lang.String,java.lang.String,java.lang.String,java.lang.String,java.lang.String,java.lang.String,java.lang.String,java.lang.String)[pri:0, instance:com.test.app.org.Execution_main@b21112]" name="TestMethod" duration-ms="0" started-at="2022-03-29T01:02:06 IST" data-provider="getTestData" finished-at="2022-03-29T01:02:06 IST">
          <params>
            <param index="0">
              <value>
                <![CDATA[TC_3]]>
              </value>
            </param>
            <param index="1">
              <value>
                <![CDATA[ADD_LEVEL_CURRENT_DATETIME]]>
              </value>
            </param>
            <param index="2">
              <value>
                <![CDATA[add sugar level on current date and time]]>
              </value>
            </param>
            <param index="3">
              <value>
                <![CDATA[N]]>
              </value>
            </param>
            <param index="4">
              <value>
                <![CDATA[gupta28aakanksha@gmail.com]]>
              </value>
            </param>
            <param index="5">
              <value>
                <![CDATA[codetheoryio]]>
              </value>
            </param>
            <param index="6">
              <value>
                <![CDATA[http://damp-sands-8561.herokuapp.com/users/sign_in]]>
              </value>
            </param>
            <param index="7">
              <value>
                <![CDATA[Datasheet_v1]]>
              </value>
            </param>
            <param index="8">
              <value>
                <![CDATA[Add_Level_current]]>
              </value>
            </param>
            <param index="9">
              <value>
                <![CDATA[1]]>
              </value>
            </param>
          </params>
          <reporter-output>
          </reporter-output>
        </test-method> <!-- TestMethod -->
        <test-method status="PASS" signature="TestMethod(java.lang.String,java.lang.String,java.lang.String,java.lang.String,java.lang.String,java.lang.String,java.lang.String,java.lang.String,java.lang.String,java.lang.String)[pri:0, instance:com.test.app.org.Execution_main@b21112]" name="TestMethod" duration-ms="0" started-at="2022-03-29T01:02:06 IST" data-provider="getTestData" finished-at="2022-03-29T01:02:06 IST">
          <params>
            <param index="0">
              <value>
                <![CDATA[TC_4]]>
              </value>
            </param>
            <param index="1">
              <value>
                <![CDATA[CHECK_REPORT]]>
              </value>
            </param>
            <param index="2">
              <value>
                <![CDATA[check_report for daily and monthly record]]>
              </value>
            </param>
            <param index="3">
              <value>
                <![CDATA[N]]>
              </value>
            </param>
            <param index="4">
              <value>
                <![CDATA[gupta28aakanksha@gmail.com]]>
              </value>
            </param>
            <param index="5">
              <value>
                <![CDATA[codetheoryio]]>
              </value>
            </param>
            <param index="6">
              <value>
                <![CDATA[http://damp-sands-8561.herokuapp.com/users/sign_in]]>
              </value>
            </param>
            <param index="7">
              <value>
                <![CDATA[NA]]>
              </value>
            </param>
            <param index="8">
              <value>
                <![CDATA[NA]]>
              </value>
            </param>
            <param index="9">
              <value>
                <![CDATA[1]]>
              </value>
            </param>
          </params>
          <reporter-output>
          </reporter-output>
        </test-method> <!-- TestMethod -->
        <test-method status="PASS" signature="TestMethod(java.lang.String,java.lang.String,java.lang.String,java.lang.String,java.lang.String,java.lang.String,java.lang.String,java.lang.String,java.lang.String,java.lang.String)[pri:0, instance:com.test.app.org.Execution_main@b21112]" name="TestMethod" duration-ms="0" started-at="2022-03-29T01:02:06 IST" data-provider="getTestData" finished-at="2022-03-29T01:02:06 IST">
          <params>
            <param index="0">
              <value>
                <![CDATA[TC_5]]>
              </value>
            </param>
            <param index="1">
              <value>
                <![CDATA[CHECK_ENTRY_4ROWS]]>
              </value>
            </param>
            <param index="2">
              <value>
                <![CDATA[check if entry allowed for only 4 times a day]]>
              </value>
            </param>
            <param index="3">
              <value>
                <![CDATA[N]]>
              </value>
            </param>
            <param index="4">
              <value>
                <![CDATA[gupta28aakanksha@gmail.com]]>
              </value>
            </param>
            <param index="5">
              <value>
                <![CDATA[codetheoryio]]>
              </value>
            </param>
            <param index="6">
              <value>
                <![CDATA[http://damp-sands-8561.herokuapp.com/users/sign_in]]>
              </value>
            </param>
            <param index="7">
              <value>
                <![CDATA[Datasheet_v1]]>
              </value>
            </param>
            <param index="8">
              <value>
                <![CDATA[Add_Level_current]]>
              </value>
            </param>
            <param index="9">
              <value>
                <![CDATA[1]]>
              </value>
            </param>
          </params>
          <reporter-output>
          </reporter-output>
        </test-method> <!-- TestMethod -->
        <test-method status="PASS" signature="afterSuite()[pri:0, instance:com.test.app.org.Execution_main@b21112]" name="afterSuite" is-config="true" duration-ms="2460" started-at="2022-03-29T01:02:06 IST" finished-at="2022-03-29T01:02:09 IST">
          <reporter-output>
          </reporter-output>
        </test-method> <!-- afterSuite -->
      </class> <!-- com.test.app.org.Execution_main -->
    </test> <!-- Test -->
  </suite> <!-- Suite -->
</testng-results>
